Remove Pin=H2-1 From Net=Wheel1_1
Remove Pin=H2-2 From Net=Wheel1_2
Remove Pin=H2-3 From Net=V3.3
Remove Pin=H3-1 From Net=Wheel2_1
Remove Pin=H3-2 From Net=Wheel2_2
Remove Pin=H3-3 From Net=V3.3
Remove Pin=H6-1 From Net=Wheel3_1
Remove Pin=H6-2 From Net=Wheel3_2
Remove Pin=H6-3 From Net=V3.3
Remove Pin=H7-1 From Net=Wheel4_1
Remove Pin=H7-2 From Net=Wheel4_2
Remove Pin=H7-3 From Net=V3.3
Remove Pin=H9-1 From Net=V5.0
Remove Pin=H10-1 From Net=V5.0
Remove Pin=H11-0 From Net=V_Motor
Remove Pin=U1B-1 From Net=V3.3
Remove Pin=U1A-8 From Net=Vref_m
Remove Pin=U1A-9 From Net=PC1
Remove Pin=U1A-10 From Net=PC2
Remove Pin=U1A-11 From Net=PC3
Remove Pin=U1B-13 From Net=V3.3
Remove Pin=U1A-14 From Net=Wheel1_1
Remove Pin=U1A-15 From Net=Wheel1_2
Remove Pin=U1A-16 From Net=Wheel2_1
Remove Pin=U1A-17 From Net=Wheel2_2
Remove Pin=U1B-19 From Net=V3.3
Remove Pin=U1A-20 From Net=Wheel3_1
Remove Pin=U1A-21 From Net=Wheel3_2
Remove Pin=U1A-22 From Net=Wheel4_1
Remove Pin=U1A-23 From Net=Wheel4_2
Remove Pin=U1A-24 From Net=PC4
Remove Pin=U1A-25 From Net=PC5
Remove Pin=U1A-26 From Net=PB0
Remove Pin=U1A-27 From Net=PB1
Remove Pin=U1A-28 From Net=PB2
Remove Pin=U1A-29 From Net=PB10
Remove Pin=U1B-32 From Net=V3.3
Remove Pin=U1A-33 From Net=SPI_NSS
Remove Pin=U1A-34 From Net=SPI_SCK
Remove Pin=U1A-35 From Net=SPI_MISO
Remove Pin=U1A-36 From Net=SPI_MOSI
Remove Pin=U1A-37 From Net=D3_F
Remove Pin=U1A-38 From Net=D3_R
Remove Pin=U1A-39 From Net=D4_F
Remove Pin=U1A-40 From Net=D4_R
Remove Pin=U1A-41 From Net=D1_F
Remove Pin=U1A-42 From Net=D1_R
Remove Pin=U1A-43 From Net=D2_F
Remove Pin=U1A-44 From Net=D2_R
Remove Pin=U1A-46 From Net=SWD/TMS
Remove Pin=U1B-48 From Net=V3.3
Remove Pin=U1A-49 From Net=SWC/TCK
Remove Pin=U1A-50 From Net=NC/TDI
Remove Pin=U1A-51 From Net=PC10
Remove Pin=U1A-52 From Net=PC11
Remove Pin=U1A-55 From Net=NC/TDO
Remove Pin=U1A-56 From Net=PB4
Remove Pin=U1A-57 From Net=PB5
Remove Pin=U1A-58 From Net=PB6
Remove Pin=U1A-59 From Net=PB7
Remove Pin=U1A-61 From Net=Servo1_TIM2_CH3
Remove Pin=U1A-62 From Net=Servo2_TIM2_CH4
Remove Pin=U1B-64 From Net=V3.3
