Change Physical Footprint: Designator=H1 Old Footprint=Motorheader New Footprint=Motorheader
Change Physical Footprint: Designator=H2 Old Footprint=Sensorheader New Footprint=Sensorheader
Change Physical Footprint: Designator=H3 Old Footprint=Sensorheader New Footprint=Sensorheader
Change Physical Footprint: Designator=H4 Old Footprint=Motorheader New Footprint=Motorheader
Change Physical Footprint: Designator=H5 Old Footprint=Motorheader New Footprint=Motorheader
Change Physical Footprint: Designator=H6 Old Footprint=Sensorheader New Footprint=Sensorheader
Change Physical Footprint: Designator=H7 Old Footprint=Sensorheader New Footprint=Sensorheader
Change Physical Footprint: Designator=H8 Old Footprint=Motorheader New Footprint=Motorheader
Change Physical Footprint: Designator=H9 Old Footprint=Servoheader New Footprint=Servoheader
Change Physical Footprint: Designator=H10 Old Footprint=Servoheader New Footprint=Servoheader
Change Physical Footprint: Designator=H11 Old Footprint=Batteryheader New Footprint=Batteryheader
Change Physical Footprint: Designator=J1 Old Footprint=hdr_2x5_50mil New Footprint=hdr_2x5_50mil
Change Physical Footprint: Designator=P1 Old Footprint=HDR1X20 New Footprint=HDR1X20
Change Physical Footprint: Designator=P2 Old Footprint=HDR1X20 New Footprint=HDR1X20
Change Physical Footprint: Designator=R1 Old Footprint=J1-0603 New Footprint=J1-0603
Change Physical Footprint: Designator=R2 Old Footprint=J1-0603 New Footprint=J1-0603
Change Physical Footprint: Designator=R3 Old Footprint=J1-0603 New Footprint=J1-0603
Change Physical Footprint: Designator=R4 Old Footprint=J1-0603 New Footprint=J1-0603
Change Physical Footprint: Designator=R5 Old Footprint=J1-0603 New Footprint=J1-0603
Change Physical Footprint: Designator=R6 Old Footprint=J1-0603 New Footprint=J1-0603
Change Physical Footprint: Designator=R7 Old Footprint=J1-0603 New Footprint=J1-0603
Change Physical Footprint: Designator=U1 Old Footprint=STM-LQFP64_N New Footprint=STM-LQFP64_N
Change Physical Footprint: Designator=U2 Old Footprint=DRV8p New Footprint=DRV8p
Change Physical Footprint: Designator=U3 Old Footprint=DRV8p New Footprint=DRV8p
Change Physical Footprint: Designator=U4 Old Footprint=DRV8p New Footprint=DRV8p
Change Physical Footprint: Designator=U5 Old Footprint=DRV8p New Footprint=DRV8p
