Removed Pin From Net: NetName=GND Pin=P1-2
Removed Pin From Net: NetName=V_Motor Pin=P1-3
Removed Pin From Net: NetName=V_Motor Pin=P1-4
Removed Pin From Net: NetName=V_Motor Pin=P1-5
Removed Pin From Net: NetName=V_Motor Pin=P1-6
Removed Pin From Net: NetName=V5.0 Pin=P1-7
Removed Pin From Net: NetName=V5.0 Pin=P1-8
Removed Pin From Net: NetName=V3.3 Pin=P1-9
Removed Pin From Net: NetName=V3.3 Pin=P1-10
Removed Pin From Net: NetName=GND Pin=P1-11
Removed Pin From Net: NetName=PC3 Pin=P1-12
Removed Pin From Net: NetName=PC2 Pin=P1-13
Removed Pin From Net: NetName=PC1 Pin=P1-14
Removed Pin From Net: NetName=PC0 Pin=P1-15
Removed Pin From Net: NetName=PC15 Pin=P1-16
Removed Pin From Net: NetName=PC14 Pin=P1-17
Removed Pin From Net: NetName=PC13 Pin=P1-18
Removed Pin From Net: NetName=GND Pin=P1-19
Removed Pin From Net: NetName=GND Pin=P2-2
Removed Pin From Net: NetName=SPI_NSS Pin=P2-5
Removed Pin From Net: NetName=SPI_SCK Pin=P2-6
Removed Pin From Net: NetName=SPI_MISO Pin=P2-7
Removed Pin From Net: NetName=SPI_MOSI Pin=P2-8
Removed Pin From Net: NetName=GND Pin=P2-9
Removed Pin From Net: NetName=NRST Pin=P2-18
Removed Pin From Net: NetName=GND Pin=P2-19
Added Pin To Net: NetName=PC3 Pin=P1-2
Added Pin To Net: NetName=PC2 Pin=P1-3
Added Pin To Net: NetName=PC1 Pin=P1-4
Added Pin To Net: NetName=PC0 Pin=P1-5
Added Pin To Net: NetName=PC15 Pin=P1-6
Added Pin To Net: NetName=PC14 Pin=P1-7
Added Pin To Net: NetName=PC13 Pin=P1-8
Added Pin To Net: NetName=GND Pin=P1-9
Added Pin To Net: NetName=V_Motor Pin=P1-10
Added Pin To Net: NetName=V_Motor Pin=P1-11
Added Pin To Net: NetName=GND Pin=P1-12
Added Pin To Net: NetName=GND Pin=P1-13
Added Pin To Net: NetName=V_Motor Pin=P1-14
Added Pin To Net: NetName=V_Motor Pin=P1-15
Added Pin To Net: NetName=GND Pin=P1-16
Added Pin To Net: NetName=GND Pin=P1-17
Added Pin To Net: NetName=V_Motor Pin=P1-18
Added Pin To Net: NetName=V_Motor Pin=P1-19
Added Pin To Net: NetName=SPI_NSS Pin=P2-6
Added Pin To Net: NetName=SPI_SCK Pin=P2-7
Added Pin To Net: NetName=SPI_MISO Pin=P2-8
Added Pin To Net: NetName=SPI_MOSI Pin=P2-9
Added Pin To Net: NetName=GND Pin=P2-13
Added Pin To Net: NetName=V5.0 Pin=P2-14
Added Pin To Net: NetName=V5.0 Pin=P2-15
Added Pin To Net: NetName=GND Pin=P2-16
Added Pin To Net: NetName=GND Pin=P2-17
Added Pin To Net: NetName=V3.3 Pin=P2-18
Added Pin To Net: NetName=V3.3 Pin=P2-19
Change Net Name : Old Net Name=PB10 New Net Name=SCL
Added Pin To Net: NetName=INT Pin=P2-2
Added Pin To Net: NetName=INT Pin=U1-37
Added Net: Name=INT
Added Pin To Net: NetName=SDA Pin=P2-4
Added Pin To Net: NetName=SDA Pin=U1-38
Added Net: Name=SDA
Added Pin To Net: NetName=SPI_INT Pin=P2-5
Added Pin To Net: NetName=SPI_INT Pin=U1-30
Added Net: Name=SPI_INT
