Removed Pin From Net: NetName=PC3 Pin=P1-16
Removed Pin From Net: NetName=PC2 Pin=P1-17
Removed Pin From Net: NetName=PC1 Pin=P1-18
Removed Pin From Net: NetName=NRST Pin=P2-4
Removed Pin From Net: NetName=SPI_MOSI Pin=P2-5
Removed Pin From Net: NetName=SPI_MISO Pin=P2-6
Removed Pin From Net: NetName=SPI_SCK Pin=P2-7
Removed Pin From Net: NetName=SPI_NSS Pin=P2-8
Removed Pin From Net: NetName=PB11 Pin=P2-9
Removed Pin From Net: NetName=PB10 Pin=P2-10
Removed Pin From Net: NetName=Wheel1_1 Pin=U1-14
Removed Pin From Net: NetName=Wheel1_2 Pin=U1-15
Removed Pin From Net: NetName=Wheel2_1 Pin=U1-16
Removed Pin From Net: NetName=Wheel2_2 Pin=U1-17
Removed Pin From Net: NetName=Wheel3_1 Pin=U1-20
Removed Pin From Net: NetName=Wheel3_2 Pin=U1-21
Removed Pin From Net: NetName=D3_F Pin=U1-37
Removed Pin From Net: NetName=D3_R Pin=U1-38
Removed Pin From Net: NetName=D4_F Pin=U1-39
Removed Pin From Net: NetName=D4_R Pin=U1-40
Removed Pin From Net: NetName=D1_F Pin=U1-41
Removed Pin From Net: NetName=D1_R Pin=U1-42
Removed Pin From Net: NetName=D2_F Pin=U1-43
Removed Pin From Net: NetName=D2_R Pin=U1-44
Removed Pin From Net: NetName=Servo1_TIM2_CH3 Pin=U1-61
Removed Pin From Net: NetName=Servo2_TIM2_CH4 Pin=U1-62
Added Pin To Net: NetName=PC3 Pin=P1-12
Added Pin To Net: NetName=PC2 Pin=P1-13
Added Pin To Net: NetName=PC1 Pin=P1-14
Added Pin To Net: NetName=PB10 Pin=P2-3
Added Pin To Net: NetName=PB11 Pin=P2-4
Added Pin To Net: NetName=SPI_NSS Pin=P2-5
Added Pin To Net: NetName=SPI_SCK Pin=P2-6
Added Pin To Net: NetName=SPI_MISO Pin=P2-7
Added Pin To Net: NetName=SPI_MOSI Pin=P2-8
Added Pin To Net: NetName=GND Pin=P2-9
Added Pin To Net: NetName=GND Pin=P2-10
Added Pin To Net: NetName=GND Pin=P2-12
Added Pin To Net: NetName=NRST Pin=P2-18
Added Pin To Net: NetName=D2_F Pin=U1-15
Added Pin To Net: NetName=D2_R Pin=U1-16
Added Pin To Net: NetName=Servo1_TIM2_CH3 Pin=U1-17
Added Pin To Net: NetName=Wheel2_1 Pin=U1-20
Added Pin To Net: NetName=Wheel2_2 Pin=U1-21
Added Pin To Net: NetName=D4_F Pin=U1-26
Added Pin To Net: NetName=D4_R Pin=U1-27
Added Pin To Net: NetName=D3_F Pin=U1-43
Added Pin To Net: NetName=D3_R Pin=U1-44
Added Pin To Net: NetName=Wheel3_1 Pin=U1-52
Added Pin To Net: NetName=Wheel3_2 Pin=U1-53
Added Pin To Net: NetName=Wheel1_1 Pin=U1-56
Added Pin To Net: NetName=Wheel1_2 Pin=U1-57
Added Pin To Net: NetName=Servo2_TIM2_CH4 Pin=U1-58
Added Pin To Net: NetName=D1_F Pin=U1-61
Added Pin To Net: NetName=D1_R Pin=U1-62
Added Pin To Net: NetName=GND Pin=U2-0
Added Pin To Net: NetName=GND Pin=U3-0
Added Pin To Net: NetName=GND Pin=U4-0
Added Pin To Net: NetName=GND Pin=U5-0
Added Pin To Net: NetName=GND Pin=X1-SHIELD
Added Pin To Net: NetName=GND Pin=X1-SHIELD
Added Pin To Net: NetName=CLK1 Pin=U1-5
Added Pin To Net: NetName=CLK1 Pin=X1-2
Added Net: Name=CLK1
Added Pin To Net: NetName=CLK2 Pin=U1-6
Added Pin To Net: NetName=CLK2 Pin=X1-1
Added Net: Name=CLK2
Added Pin To Net: NetName=PA8 Pin=P2-17
Added Pin To Net: NetName=PA8 Pin=U1-41
Added Net: Name=PA8
Added Pin To Net: NetName=PC0 Pin=P1-15
Added Pin To Net: NetName=PC0 Pin=U1-8
Added Net: Name=PC0
Added Pin To Net: NetName=PC6 Pin=P2-13
Added Pin To Net: NetName=PC6 Pin=U1-37
Added Net: Name=PC6
Added Pin To Net: NetName=PC7 Pin=P2-14
Added Pin To Net: NetName=PC7 Pin=U1-38
Added Net: Name=PC7
Added Pin To Net: NetName=PC8 Pin=P2-15
Added Pin To Net: NetName=PC8 Pin=U1-39
Added Net: Name=PC8
Added Pin To Net: NetName=PC9 Pin=P2-16
Added Pin To Net: NetName=PC9 Pin=U1-40
Added Net: Name=PC9
Added Pin To Net: NetName=PC13 Pin=P1-18
Added Pin To Net: NetName=PC13 Pin=U1-2
Added Net: Name=PC13
Added Pin To Net: NetName=PC14 Pin=P1-17
Added Pin To Net: NetName=PC14 Pin=U1-3
Added Net: Name=PC14
Added Pin To Net: NetName=PC15 Pin=P1-16
Added Pin To Net: NetName=PC15 Pin=U1-4
Added Net: Name=PC15
Added Pin To Net: NetName=Vref_m1 Pin=U1-59
Added Pin To Net: NetName=Vref_m1 Pin=U2-4
Added Net: Name=Vref_m1
Added Pin To Net: NetName=Vref_m2 Pin=U1-14
Added Pin To Net: NetName=Vref_m2 Pin=U3-4
Added Net: Name=Vref_m2
Added Pin To Net: NetName=Vref_m3 Pin=U1-42
Added Pin To Net: NetName=Vref_m3 Pin=U4-4
Added Net: Name=Vref_m3
Added Pin To Net: NetName=Vref_m4 Pin=U1-24
Added Pin To Net: NetName=Vref_m4 Pin=U5-4
Added Net: Name=Vref_m4
Added Member To Class: ClassName=Motordrivare Member=Component H11 Batteryheader
Added Member To Class: ClassName=Motordrivare Member=Component X1 FA-238
Added Room: Name=Motordrivare
