Removed Pin From Net: NetName=PB10 Pin=P2-9
Change Component Footprint: Designator=H2 Old Footprint=PCBComponent_1 New Footprint=Sensorheader
Change Component Footprint: Designator=H3 Old Footprint=PCBComponent_1 New Footprint=Sensorheader
Change Component Footprint: Designator=H6 Old Footprint=PCBComponent_1 New Footprint=Sensorheader
Change Component Footprint: Designator=H7 Old Footprint=PCBComponent_1 New Footprint=Sensorheader
Added Component: Designator=H1(Motorheader)
Add component. Clean all parameters for all variants
Added Component: Designator=H4(Motorheader)
Add component. Clean all parameters for all variants
Added Component: Designator=H5(Motorheader)
Add component. Clean all parameters for all variants
Added Component: Designator=H8(Motorheader)
Add component. Clean all parameters for all variants
Added Component: Designator=H9(Servoheader)
Add component. Clean all parameters for all variants
Added Component: Designator=H10(Servoheader)
Add component. Clean all parameters for all variants
Added Component: Designator=H11(Batteryheader)
Add component. Clean all parameters for all variants
Added Pin To Net: NetName=NetH1_0 Pin=H1-0
Added Pin To Net: NetName=NetH1_1 Pin=H1-1
Added Pin To Net: NetName=GND Pin=H2-0
Added Pin To Net: NetName=Wheel1_1 Pin=H2-1
Added Pin To Net: NetName=Wheel1_2 Pin=H2-2
Added Pin To Net: NetName=V3.3 Pin=H2-3
Added Pin To Net: NetName=GND Pin=H3-0
Added Pin To Net: NetName=Wheel2_1 Pin=H3-1
Added Pin To Net: NetName=Wheel2_2 Pin=H3-2
Added Pin To Net: NetName=V3.3 Pin=H3-3
Added Pin To Net: NetName=NetH4_0 Pin=H4-0
Added Pin To Net: NetName=NetH4_1 Pin=H4-1
Added Pin To Net: NetName=NetH5_0 Pin=H5-0
Added Pin To Net: NetName=NetH5_1 Pin=H5-1
Added Pin To Net: NetName=GND Pin=H6-0
Added Pin To Net: NetName=Wheel3_1 Pin=H6-1
Added Pin To Net: NetName=Wheel3_2 Pin=H6-2
Added Pin To Net: NetName=V3.3 Pin=H6-3
Added Pin To Net: NetName=GND Pin=H7-0
Added Pin To Net: NetName=Wheel4_1 Pin=H7-1
Added Pin To Net: NetName=Wheel4_2 Pin=H7-2
Added Pin To Net: NetName=V3.3 Pin=H7-3
Added Pin To Net: NetName=NetH8_0 Pin=H8-0
Added Pin To Net: NetName=NetH8_1 Pin=H8-1
Added Pin To Net: NetName=GND Pin=H9-0
Added Pin To Net: NetName=V5.0 Pin=H9-1
Added Pin To Net: NetName=Servo1_TIM2_CH3 Pin=H9-2
Added Pin To Net: NetName=GND Pin=H10-0
Added Pin To Net: NetName=V5.0 Pin=H10-1
Added Pin To Net: NetName=Servo2_TIM2_CH4 Pin=H10-2
Added Pin To Net: NetName=V_Motor Pin=H11-0
Added Pin To Net: NetName=GND Pin=H11-1
Added Pin To Net: NetName=PB11 Pin=P2-9
Added Pin To Net: NetName=PB11 Pin=U1-30
Added Net: Name=PB11
Added Member To Class: ClassName=Motordrivare Member=Component H1 Motorheader
Added Member To Class: ClassName=Motordrivare Member=Component H4 Motorheader
Added Member To Class: ClassName=Motordrivare Member=Component H5 Motorheader
Added Member To Class: ClassName=Motordrivare Member=Component H8 Motorheader
Added Member To Class: ClassName=Motordrivare Member=Component H9 Servoheader
Added Member To Class: ClassName=Motordrivare Member=Component H10 Servoheader
Added Member To Class: ClassName=Motordrivare Member=Component H11 Batteryheader
