Replace Part H1 Motorheader in D:\Motordriare_SM\Motordrivare.SchDoc with Motorheader from Motorheader.SchLib
Replace Part H2 Sensorheader in D:\Motordriare_SM\Motordrivare.SchDoc with Sensorheader from Sensorheader.SchLib
Replace Part H3 Sensorheader in D:\Motordriare_SM\Motordrivare.SchDoc with Sensorheader from Sensorheader.SchLib
Replace Part H4 Motorheader in D:\Motordriare_SM\Motordrivare.SchDoc with Motorheader from Motorheader.SchLib
Replace Part H5 Motorheader in D:\Motordriare_SM\Motordrivare.SchDoc with Motorheader from Motorheader.SchLib
Replace Part H6 Sensorheader in D:\Motordriare_SM\Motordrivare.SchDoc with Sensorheader from Sensorheader.SchLib
Replace Part H7 Sensorheader in D:\Motordriare_SM\Motordrivare.SchDoc with Sensorheader from Sensorheader.SchLib
Replace Part H8 Motorheader in D:\Motordriare_SM\Motordrivare.SchDoc with Motorheader from Motorheader.SchLib
Replace Part H9 Servoheader in D:\Motordriare_SM\Motordrivare.SchDoc with Servoheader from Servoheader.SchLib
Replace Part H10 Servoheader in D:\Motordriare_SM\Motordrivare.SchDoc with Servoheader from Servoheader.SchLib
Replace Part H11 Batteryheader in D:\Motordriare_SM\Motordrivare.SchDoc with Batteryheader from Batteryheader.SchLib
Replace Part J1 hdr_swd in D:\Motordriare_SM\Motordrivare.SchDoc with hdr_swd from lib_connectors.IntLib
Replace Part P1 Header 20 in D:\Motordriare_SM\Motordrivare.SchDoc with Header 20 from Miscellaneous Connectors.IntLib
Replace Part P2 Header 20 in D:\Motordriare_SM\Motordrivare.SchDoc with Header 20 from Miscellaneous Connectors.IntLib
Replace Part R1 Res3 in D:\Motordriare_SM\Motordrivare.SchDoc with Res3 from Miscellaneous Devices.IntLib
Replace Part R2 Res3 in D:\Motordriare_SM\Motordrivare.SchDoc with Res3 from Miscellaneous Devices.IntLib
Replace Part R3 Res3 in D:\Motordriare_SM\Motordrivare.SchDoc with Res3 from Miscellaneous Devices.IntLib
Replace Part R4 Res3 in D:\Motordriare_SM\Motordrivare.SchDoc with Res3 from Miscellaneous Devices.IntLib
Replace Part R5 Res3 in D:\Motordriare_SM\Motordrivare.SchDoc with Res3 from Miscellaneous Devices.IntLib
Replace Part R6 Res3 in D:\Motordriare_SM\Motordrivare.SchDoc with Res3 from Miscellaneous Devices.IntLib
Replace Part R7 Res3 in D:\Motordriare_SM\Motordrivare.SchDoc with Res3 from Miscellaneous Devices.IntLib
Replace Part U2 drv8870 in D:\Motordriare_SM\Motordrivare.SchDoc with drv8870 from DRV8870.SchLib
Replace Part U3 drv8870 in D:\Motordriare_SM\Motordrivare.SchDoc with drv8870 from DRV8870.SchLib
Replace Part U4 drv8870 in D:\Motordriare_SM\Motordrivare.SchDoc with drv8870 from DRV8870.SchLib
Replace Part U5 drv8870 in D:\Motordriare_SM\Motordrivare.SchDoc with drv8870 from DRV8870.SchLib
